[02:48:28] [ServerMain/INFO]: [bootstrap] Running Java 21 (OpenJDK 64-Bit Server VM 21.0.5+11-Ubuntu-1ubuntu120.04; Ubuntu null) on Linux 6.5.0-1025-azure (amd64)
[02:48:28] [ServerMain/INFO]: [bootstrap] Loading Paper 1.21.3-29-master@be886cf (2024-11-15T09:07:14Z) for Minecraft 1.21.3
[02:48:28] [ServerMain/INFO]: [PluginInitializerManager] Initializing plugins...
[02:48:28] [ServerMain/INFO]: [PluginInitializerManager] Initialized 7 plugins
[02:48:28] [ServerMain/INFO]: [PluginInitializerManager] Bukkit plugins (7):
 - AngelChest (13.9.0), Geyser-Spigot (2.5.1-SNAPSHOT), RealRegions (0.7.4), SkinsRestorer (15.4.4), ViaVersion (5.1.1), WorldEdit (7.3.9-beta-01+e8aa544), floodgate (2.2.3-SNAPSHOT (b114-83fbd6e))
[02:48:32] [ServerMain/INFO]: Environment: Environment[sessionHost=https://sessionserver.mojang.com, servicesHost=https://api.minecraftservices.com, name=PROD]
[02:48:34] [ServerMain/INFO]: Loaded 1337 recipes
[02:48:34] [ServerMain/INFO]: Loaded 1448 advancements
[02:48:34] [Server thread/INFO]: Starting minecraft server version 1.21.3
[02:48:34] [Server thread/INFO]: Loading properties
[02:48:34] [Server thread/INFO]: This server is running Paper version 1.21.3-29-master@be886cf (2024-11-15T09:07:14Z) (Implementing API version 1.21.3-R0.1-SNAPSHOT)
[02:48:35] [Server thread/INFO]: [spark] This server bundles the spark profiler. For more information please visit https://docs.papermc.io/paper/profiling
[02:48:35] [Server thread/INFO]: Server Ping Player Sample Count: 12
[02:48:35] [Server thread/INFO]: Using 4 threads for Netty based IO
[02:48:36] [Server thread/INFO]: [ca.spottedleaf.moonrise.common.util.MoonriseCommon] Paper is using 1 worker threads, 1 I/O threads
[02:48:36] [Server thread/INFO]: [ca.spottedleaf.moonrise.patches.chunk_system.scheduling.ChunkTaskScheduler] Chunk system is using population gen parallelism: true
[02:48:36] [Server thread/INFO]: Default game type: SURVIVAL
[02:48:36] [Server thread/INFO]: Generating keypair
[02:48:36] [Server thread/INFO]: Starting Minecraft server on *:25565
[02:48:36] [Server thread/INFO]: Using epoll channel type
[02:48:37] [Server thread/INFO]: Paper: Using libdeflate (Linux x86_64) compression from Velocity.
[02:48:37] [Server thread/INFO]: Paper: Using OpenSSL 1.1.x (Linux x86_64) cipher from Velocity.
[02:48:37] [Server thread/INFO]: [WorldEdit] Loading server plugin WorldEdit v7.3.9-beta-01+e8aa544
[02:48:38] [Server thread/INFO]: Got request to register class com.sk89q.worldedit.bukkit.BukkitServerInterface with WorldEdit [com.sk89q.worldedit.extension.platform.PlatformManager@7707dc8]
[02:48:38] [Server thread/INFO]: [floodgate] Loading server plugin floodgate v2.2.3-SNAPSHOT (b114-83fbd6e)
[02:48:39] [Server thread/WARN]: [floodgate] en_ is not a supported Floodgate language.
[02:48:39] [Server thread/INFO]: [floodgate] Took 573ms to boot Floodgate
[02:48:39] [Server thread/INFO]: [ViaVersion] Loading server plugin ViaVersion v5.1.1
[02:48:39] [Server thread/INFO]: [ViaVersion] ViaVersion 5.1.1 is now loaded. Registering protocol transformers and injecting...
[02:48:39] [Via-Mappingloader-0/INFO]: [ViaVersion] Loading block connection mappings ...
[02:48:39] [Via-Mappingloader-0/INFO]: [ViaVersion] Using FastUtil Long2ObjectOpenHashMap for block connections
[02:48:40] [Server thread/INFO]: [AngelChest] Loading server plugin AngelChest v13.9.0
[02:48:40] [Server thread/INFO]: [RealRegions] Loading server plugin RealRegions v0.7.4
[02:48:40] [Server thread/INFO]: [Geyser-Spigot] Loading server plugin Geyser-Spigot v2.5.1-SNAPSHOT
[02:48:40] [Server thread/INFO]: [Geyser-Spigot] Loading extensions...
[02:48:40] [Server thread/INFO]: [Geyser-Spigot] Loaded 0 extension(s)
[02:48:40] [Server thread/INFO]: [SkinsRestorer] Loading server plugin SkinsRestorer v15.4.4
[02:48:40] [Server thread/INFO]: Server permissions file permissions.yml is empty, ignoring it
[02:48:40] [Server thread/INFO]: [WorldEdit] Enabling WorldEdit v7.3.9-beta-01+e8aa544
[02:48:40] [Server thread/INFO]: Registering commands with com.sk89q.worldedit.bukkit.BukkitServerInterface
[02:48:40] [Server thread/INFO]: WEPIF: Using the Bukkit Permissions API.
[02:48:40] [Server thread/INFO]: Using com.sk89q.worldedit.bukkit.adapter.impl.v1_21_3.PaperweightAdapter as the Bukkit adapter
[02:48:42] [Server thread/INFO]: [SkinsRestorer] Enabling SkinsRestorer v15.4.4
[02:48:42] [Server thread/WARN]: [SkinsRestorer] You must agree to the rules at 'commands.perSkinPermissionsConsent' in the config to use per skin permissions.
[02:48:42] [Server thread/INFO]: [SkinsRestorer] Running on Minecraft 1.21.3.
[02:48:42] [Server thread/INFO]: [SkinsRestorer] Floodgate skin listener registered
[02:48:43] [Server thread/INFO]: [SkinsRestorer] Using paper join listener!
[02:48:43] [Server thread/WARN]: **** SERVER IS RUNNING IN OFFLINE/INSECURE MODE!
[02:48:43] [Server thread/WARN]: The server will make no attempt to authenticate usernames. Beware.
[02:48:43] [Server thread/WARN]: While this makes the game possible to play without internet access, it also opens up the ability for hackers to connect with any username they choose.
[02:48:43] [Server thread/WARN]: To change this, set "online-mode" to "true" in the server.properties file.
[02:48:43] [Server thread/INFO]: Preparing level "world"
[02:48:43] [Folia Async Scheduler Thread #1/INFO]: [SkinsRestorer] ----------------------------------------------
[02:48:43] [Folia Async Scheduler Thread #1/INFO]: [SkinsRestorer]     +==================+
[02:48:43] [Folia Async Scheduler Thread #1/INFO]: [SkinsRestorer]     |   SkinsRestorer  |
[02:48:43] [Folia Async Scheduler Thread #1/INFO]: [SkinsRestorer]     |------------------|
[02:48:43] [Folia Async Scheduler Thread #1/INFO]: [SkinsRestorer]     |  Standalone Mode |
[02:48:43] [Folia Async Scheduler Thread #1/INFO]: [SkinsRestorer]     +==================+
[02:48:43] [Folia Async Scheduler Thread #1/INFO]: [SkinsRestorer] ----------------------------------------------
[02:48:43] [Folia Async Scheduler Thread #1/INFO]: [SkinsRestorer]     Version: 15.4.4
[02:48:43] [Folia Async Scheduler Thread #1/INFO]: [SkinsRestorer]     Commit: dc501c7
[02:48:43] [Folia Async Scheduler Thread #1/INFO]: [SkinsRestorer]     A new version (15.5.0) is available! Downloading update...
[02:48:43] [Folia Async Scheduler Thread #1/INFO]: [SkinsRestorer] ----------------------------------------------
[02:48:43] [Folia Async Scheduler Thread #1/INFO]: [SkinsRestorer] Do you have issues? Read our troubleshooting guide: https://skinsrestorer.net/docs/troubleshooting
[02:48:43] [Folia Async Scheduler Thread #1/INFO]: [SkinsRestorer] Want to support SkinsRestorer? Consider donating: https://skinsrestorer.net/donate
[02:48:43] [Folia Async Scheduler Thread #1/INFO]: [SkinsRestorer] [GitHubUpdate] Downloading update...
[02:48:44] [Folia Async Scheduler Thread #1/INFO]: [SkinsRestorer] [GitHubUpdate] Downloaded update in 689ms
[02:48:44] [Folia Async Scheduler Thread #1/INFO]: [SkinsRestorer] [GitHubUpdate] Update saved as SkinsRestorer.jar
[02:48:44] [Folia Async Scheduler Thread #1/INFO]: [SkinsRestorer] [GitHubUpdate] The update will be loaded on the next server restart
[02:48:44] [Server thread/INFO]: Preparing start region for dimension minecraft:overworld
[02:48:44] [Paper Common Worker #0/INFO]: [ca.spottedleaf.dataconverter.minecraft.datatypes.MCTypeRegistry] Initialising converters for DataConverter...
[02:48:44] [Paper Common Worker #0/INFO]: [ca.spottedleaf.dataconverter.minecraft.datatypes.MCTypeRegistry] Finished initialising converters for DataConverter in 303.5ms
[02:48:44] [Server thread/INFO]: Preparing spawn area: 0%
[02:48:44] [Server thread/INFO]: Preparing spawn area: 2%
[02:48:45] [Server thread/INFO]: Preparing spawn area: 26%
[02:48:45] [Server thread/INFO]: Time elapsed: 1197 ms
[02:48:45] [Server thread/INFO]: Preparing start region for dimension minecraft:the_nether
[02:48:45] [Server thread/INFO]: Preparing spawn area: 0%
[02:48:45] [Server thread/INFO]: Time elapsed: 143 ms
[02:48:45] [Server thread/INFO]: Preparing start region for dimension minecraft:the_end
[02:48:45] [Server thread/INFO]: Preparing spawn area: 0%
[02:48:45] [Server thread/INFO]: Time elapsed: 86 ms
[02:48:45] [Server thread/INFO]: [floodgate] Enabling floodgate v2.2.3-SNAPSHOT (b114-83fbd6e)
[02:48:46] [Server thread/INFO]: [ViaVersion] Enabling ViaVersion v5.1.1
[02:48:46] [Server thread/INFO]: [ViaVersion] ViaVersion detected server version: 1.21.2-1.21.3 (768)
[02:48:46] [Server thread/WARN]: [ViaVersion] ViaVersion does not have any compatible versions for this server version!
[02:48:46] [Server thread/WARN]: [ViaVersion] Please remember that ViaVersion only adds support for versions newer than the server version.
[02:48:46] [Server thread/WARN]: [ViaVersion] If you need support for older versions you may need to use one or more ViaVersion addons too.
[02:48:46] [Server thread/WARN]: [ViaVersion] In that case please read the ViaVersion resource page carefully or use https://viaversion.com/setup
[02:48:46] [Server thread/WARN]: [ViaVersion] and if you're still unsure, feel free to join our Discord-Server for further assistance.
[02:48:46] [Server thread/INFO]: [AngelChest] Enabling AngelChest v13.9.0
[02:48:46] [Server thread/INFO]: [AngelChest] groups.yml does not exist, skipping custom group settings.
[02:48:46] [Server thread/INFO]: [AngelChest] blacklist.yml does not exist, disabling item blacklist.
[02:48:46] [Server thread/INFO]: [AngelChest] Not using premium version, disabling Graveyards feature
[02:48:46] [Server thread/INFO]: [AngelChest] Removed 1 old log files.
[02:48:46] [Server thread/WARN]: [AngelChest] Could not add usage/description to command acopen
[02:48:46] [Server thread/INFO]: [AngelChest] Vault not installed, disabling economy functions.
[02:48:46] [Server thread/INFO]: [AngelChest] [ACF] Enabled Asynchronous Tab Completion Support!
[02:48:46] [Server thread/INFO]: [AngelChest] Successfully enabled AngelChest v13.9.0 (Premium: false)
[02:48:46] [Server thread/INFO]: [RealRegions] Enabling RealRegions v0.7.4
[02:48:46] [Server thread/INFO]: [RealRegions]  ______           _______           _      
[02:48:46] [Server thread/INFO]: [RealRegions]  | ___ \         | | ___ \         (_)  
[02:48:46] [Server thread/INFO]: [RealRegions]  | |_/ /___  __ _| | |_/ /___  __ _ _  ___  _ __  ___ 
[02:48:46] [Server thread/INFO]: [RealRegions]  |    // _ \/ _` | |    // _ \/ _` | |/ _ \| '_ \/ __|
[02:48:46] [Server thread/INFO]: [RealRegions]  | |\ \  __/ (_| | | |\ \  __/ (_| | | (_) | | | \__ \
[02:48:46] [Server thread/INFO]: [RealRegions]  \_| \_\___|\__,_|_\_| \_\___|\__, |_|\___/|_| |_|___/
[02:48:46] [Server thread/INFO]: [RealRegions]   Made by: JoseGamer_PT        __/ |   Version: 0.7.4
[02:48:46] [Server thread/INFO]: [RealRegions]                               |___/
[02:48:46] [Server thread/INFO]: [RealRegions] 
[02:48:46] [Server thread/INFO]: [RealRegions] Loaded 3 worlds and 4 regions.
[02:48:46] [Server thread/INFO]: [RealRegions] Finished loading in 0.283 seconds.
[02:48:46] [Server thread/INFO]: [RealRegions] <------------------ RealRegions v0.7.4 ------------------>
[02:48:46] [Server thread/INFO]: [Geyser-Spigot] Enabling Geyser-Spigot v2.5.1-SNAPSHOT
[02:48:47] [Server thread/INFO]: [spark] Starting background profiler...
[02:48:47] [Server thread/INFO]: [Geyser-Spigot] ******************************************
[02:48:47] [Server thread/INFO]: [Geyser-Spigot] 
[02:48:47] [Server thread/INFO]: [Geyser-Spigot] Loading Geyser version 2.5.1-b725 (git-master-d2051c2)
[02:48:47] [Server thread/INFO]: [Geyser-Spigot] 
[02:48:47] [Server thread/INFO]: [Geyser-Spigot] ******************************************
[02:48:50] [epollEventLoopGroup-3-1/INFO]: [Geyser-Spigot] Started Geyser on UDP port 2919
[02:48:50] [Server thread/INFO]: [Geyser-Spigot] Done (3.227s)! Run /geyser help for help!
[02:48:51] [Server thread/INFO]: Done preparing level "world" (7.712s)
[02:48:51] [Server thread/INFO]: Running delayed init tasks
[02:48:51] [Server thread/INFO]: Done (24.121s)! For help, type "help"
[02:48:51] [Craft Scheduler Thread - 2 - ViaVersion/INFO]: [ViaVersion] Finished mapping loading, shutting down loader executor.
[02:48:51] [Server thread/WARN]: [ViaVersion] There is a newer plugin version available: 5.2.0, you're on: 5.1.1
[02:48:51] [Craft Scheduler Thread - 0 - RealRegions/INFO]: [RealRegions] The plugin is updated to the latest version.
[02:48:53] [Server thread/INFO]: [AngelChest] ========================================================
[02:48:53] [Server thread/INFO]: [AngelChest] You are using the free version of AngelChest. There is
[02:48:53] [Server thread/INFO]: [AngelChest] also a premium version available, called AngelChestPlus.
[02:48:53] [Server thread/INFO]: [AngelChest] It includes TONS of new features and exclusive Discord
[02:48:53] [Server thread/INFO]: [AngelChest] support. The free version will still receive bugfixes,
[02:48:53] [Server thread/INFO]: [AngelChest] but there won't be ANY new features!
[02:48:53] [Server thread/INFO]: [AngelChest] If you like AngelChest, you will LOVE AngelChestPlus, so
[02:48:53] [Server thread/INFO]: [AngelChest] please consider upgrading! Thank you for using AngelChest.
[02:48:53] [Server thread/INFO]: [AngelChest] 
[02:48:53] [Server thread/INFO]: [AngelChest] https://www.spigotmc.org/resources/88214
[02:48:53] [Server thread/INFO]: [AngelChest] ========================================================
[02:49:11] [User Authenticator #0/INFO]: UUID of player Luis512MC is 5481e4e4-6be3-3172-8677-4830fb8a2f43
[02:49:14] [Server thread/INFO]: Luis512MC joined the game
[02:49:14] [Server thread/INFO]: Luis512MC[/127.48.121.197:47511] logged in with entity id 16 at ([world]1692.139003515369, 117.0, -590.4031160198234)
[02:49:31] [Server thread/INFO]: Luis512MC issued server command: /gamemode creative
[02:49:31] [Server thread/INFO]: [Luis512MC: Set own game mode to Creative Mode]
[02:50:13] [Server thread/INFO]: Luis512MC lost connection: Timed out
[02:50:13] [Server thread/INFO]: Luis512MC left the game
[02:50:25] [User Authenticator #1/INFO]: UUID of player Luis512MC is 5481e4e4-6be3-3172-8677-4830fb8a2f43
[02:50:26] [Server thread/INFO]: Luis512MC joined the game
[02:50:26] [Server thread/INFO]: Luis512MC[/127.48.121.197:54095] logged in with entity id 341 at ([world]1692.699999988079, 119.83999997377396, -582.0176759015667)
[02:50:50] [Server thread/INFO]: Luis512MC issued server command: /gamemode survival
[02:50:50] [Server thread/INFO]: [Luis512MC: Set own game mode to Survival Mode]
[02:51:01] [Server thread/INFO]: Luis512MC issued server command: /gamemode creative
[02:51:01] [Server thread/INFO]: [Luis512MC: Set own game mode to Creative Mode]
[02:51:22] [Server thread/INFO]: Luis512MC issued server command: /gamemode survival
[02:51:22] [Server thread/INFO]: [Luis512MC: Set own game mode to Survival Mode]
[02:55:08] [Server thread/INFO]: Luis512MC issued server command: /gamemode creative
[02:55:08] [Server thread/INFO]: [Luis512MC: Set own game mode to Creative Mode]
[03:00:59] [Server thread/INFO]: Luis512MC issued server command: /gamemode survival
[03:00:59] [Server thread/INFO]: [Luis512MC: Set own game mode to Survival Mode]
[03:03:47] [epollEventLoopGroup-4-1/INFO]: [Geyser-Spigot] Player connected with username CrashBlock73577
[03:03:47] [localSession-7-2/INFO]: [Geyser-Spigot] CrashBlock73577 (logged in as: CrashBlock73577) has connected to the Java server
[03:03:48] [Server thread/INFO]: [floodgate] Floodgate player logged in as .CrashBlock73577 joined (UUID: 00000000-0000-0000-0009-01f00bc69dfd)
[03:03:48] [Server thread/INFO]: .CrashBlock73577 joined the game
[03:03:48] [Server thread/INFO]: .CrashBlock73577[/127.0.0.1:0] logged in with entity id 2045 at ([world_nether]125.30001, 71.0, -68.607574)
[03:10:14] [Async Chat Thread - #1/INFO]: [Not Secure] <Luis512MC> el elvyn
[03:10:40] [Server thread/INFO]: Luis512MC fell from a high place
[03:10:42] [localSession-7-2/INFO]: [Geyser-Spigot] CrashBlock73577 has disconnected from the Java server because of Bedrock client timed out
[03:10:42] [Geyser Spigot connection thread-6-3/INFO]: [floodgate] Floodgate player logged in as .CrashBlock73577 disconnected
[03:10:42] [Server thread/INFO]: .CrashBlock73577 lost connection: Disconnected
[03:10:42] [Server thread/INFO]: .CrashBlock73577 left the game
[03:10:47] [Server thread/INFO]: Luis512MC issued server command: /actp 1
[03:10:52] [Server thread/INFO]: Luis512MC issued server command: /actp 1
[03:10:52] [Server thread/INFO]: Luis512MC issued server command: /actp 1
[03:10:53] [Server thread/INFO]: Luis512MC issued server command: /actp 1
[03:10:56] [Server thread/INFO]: Luis512MC issued server command: /actp 1
[03:10:57] [Server thread/INFO]: Luis512MC issued server command: /actp 1
[03:10:57] [Server thread/INFO]: Luis512MC issued server command: /actp 1
[03:10:57] [Server thread/INFO]: Luis512MC issued server command: /actp 1
[03:11:05] [Server thread/INFO]: Luis512MC issued server command: /actp 1
[03:11:05] [Server thread/INFO]: Luis512MC issued server command: /actp 1
[03:11:05] [Server thread/INFO]: Luis512MC issued server command: /actp 1
[03:11:05] [Server thread/INFO]: Luis512MC issued server command: /actp 1
[03:11:05] [Server thread/INFO]: Luis512MC issued server command: /actp 1
[03:11:05] [Server thread/INFO]: Luis512MC issued server command: /actp 1
[03:11:06] [Server thread/INFO]: Luis512MC issued server command: /actp 1
[03:11:06] [Server thread/INFO]: Luis512MC issued server command: /actp 1
[03:11:06] [Server thread/INFO]: Luis512MC issued server command: /actp 1
[03:11:06] [Server thread/INFO]: Luis512MC issued server command: /actp 1
[03:11:06] [Server thread/INFO]: Luis512MC issued server command: /actp 1
[03:11:07] [Server thread/INFO]: Luis512MC issued server command: /actp 1
[03:11:07] [Server thread/INFO]: Luis512MC issued server command: /actp 1
[03:11:08] [Server thread/INFO]: Luis512MC issued server command: /actp 1
[03:11:08] [Server thread/INFO]: Luis512MC issued server command: /actp 1
[03:11:08] [Server thread/INFO]: Luis512MC issued server command: /actp 1
[03:11:08] [Server thread/INFO]: Luis512MC issued server command: /actp 1
[03:11:09] [Server thread/INFO]: Luis512MC issued server command: /actp 1
[03:11:13] [Server thread/INFO]: Luis512MC issued server command: /actp 1
[03:11:14] [Server thread/INFO]: Luis512MC issued server command: /actp 1
[03:11:15] [Server thread/INFO]: Luis512MC issued server command: /actp 1
[03:11:15] [Server thread/INFO]: Luis512MC issued server command: /actp 1
[03:11:22] [Server thread/INFO]: Luis512MC issued server command: /actp 1
[03:11:23] [Server thread/INFO]: Luis512MC issued server command: /actp 1
[03:11:23] [Server thread/INFO]: Luis512MC issued server command: /actp 1
[03:11:23] [Server thread/INFO]: Luis512MC issued server command: /actp 1
[03:11:23] [Server thread/INFO]: Luis512MC issued server command: /actp 1
[03:11:23] [Server thread/INFO]: Luis512MC issued server command: /actp 1
[03:11:23] [Server thread/INFO]: Luis512MC issued server command: /actp 1
[03:11:24] [Server thread/INFO]: Luis512MC issued server command: /actp 1
[03:11:24] [Server thread/INFO]: Luis512MC issued server command: /actp 1
[03:11:24] [Server thread/INFO]: Luis512MC issued server command: /actp 1
[03:11:24] [Server thread/INFO]: Luis512MC issued server command: /actp 1
[03:11:24] [Server thread/INFO]: Luis512MC issued server command: /actp 1
[03:12:58] [Server thread/INFO]: Luis512MC lost connection: Timed out
[03:12:58] [Server thread/INFO]: Luis512MC left the game
[03:13:16] [User Authenticator #2/INFO]: UUID of player Luis512MC is 5481e4e4-6be3-3172-8677-4830fb8a2f43
[03:13:17] [Server thread/INFO]: Luis512MC joined the game
[03:13:17] [Server thread/INFO]: Luis512MC[/127.48.121.197:37713] logged in with entity id 3793 at ([world]1698.5, 93.08001131326047, -553.5)
[03:14:45] [Server thread/INFO]: Luis512MC lost connection: Timed out
[03:14:45] [Server thread/INFO]: Luis512MC left the game
[03:15:00] [User Authenticator #3/INFO]: UUID of player Luis512MC is 5481e4e4-6be3-3172-8677-4830fb8a2f43
[03:15:01] [Server thread/INFO]: Luis512MC joined the game
[03:15:01] [Server thread/INFO]: Luis512MC[/127.48.121.197:58547] logged in with entity id 4314 at ([world]1682.220521026183, 128.69568317254246, -660.0846516435813)
[03:16:35] [Server thread/INFO]: Luis512MC lost connection: Timed out
[03:16:35] [Server thread/INFO]: Luis512MC left the game
[03:17:35] [Server thread/INFO]: Server empty for 60 seconds, pausing
[03:20:30] [epollEventLoopGroup-4-2/INFO]: [Geyser-Spigot] Player connected with username CrashBlock73577
[03:20:30] [localSession-7-3/INFO]: [Geyser-Spigot] CrashBlock73577 (logged in as: CrashBlock73577) has connected to the Java server
[03:20:30] [Server thread/INFO]: [floodgate] Floodgate player logged in as .CrashBlock73577 joined (UUID: 00000000-0000-0000-0009-01f00bc69dfd)
[03:20:30] [Server thread/INFO]: .CrashBlock73577 joined the game
[03:20:30] [Server thread/INFO]: .CrashBlock73577[/127.0.0.1:0] logged in with entity id 4782 at ([world]1718.69999, 115.0, -519.69999)
[04:09:54] [User Authenticator #4/INFO]: UUID of player Luis512MC is 5481e4e4-6be3-3172-8677-4830fb8a2f43
[04:09:55] [Server thread/INFO]: Luis512MC joined the game
[04:09:55] [Server thread/INFO]: Luis512MC[/127.48.121.197:49011] logged in with entity id 10592 at ([world]1704.4170543523617, 128.0, -682.7026268704885)
[04:11:11] [Server thread/INFO]: Luis512MC lost connection: Timed out
[04:11:11] [Server thread/INFO]: Luis512MC left the game
[04:16:38] [User Authenticator #5/INFO]: UUID of player Luis512MC is 5481e4e4-6be3-3172-8677-4830fb8a2f43
[04:16:40] [Server thread/INFO]: Luis512MC joined the game
[04:16:40] [Server thread/INFO]: Luis512MC[/127.48.121.197:36843] logged in with entity id 11258 at ([world]1679.5078850176383, 122.0, -696.5044444611484)
[04:17:25] [Server thread/WARN]: Luis512MC moved too quickly! 9.198605312815744,-4.0,-0.8292509128237953
[04:17:51] [Server thread/INFO]: Luis512MC lost connection: Timed out
[04:17:51] [Server thread/INFO]: Luis512MC left the game
[04:18:15] [User Authenticator #6/INFO]: UUID of player Luis512MC is 5481e4e4-6be3-3172-8677-4830fb8a2f43
[04:18:16] [Server thread/INFO]: Luis512MC joined the game
[04:18:16] [Server thread/INFO]: Luis512MC[/127.48.121.197:56975] logged in with entity id 11456 at ([world]1696.438397953273, 132.0, -687.931610617791)
[04:19:09] [Server thread/INFO]: Luis512MC lost connection: Disconnected
[04:19:09] [Server thread/INFO]: Luis512MC left the game
[04:21:51] [User Authenticator #7/INFO]: UUID of player Luis512MC is 5481e4e4-6be3-3172-8677-4830fb8a2f43
[04:21:52] [Server thread/INFO]: Luis512MC joined the game
[04:21:52] [Server thread/INFO]: Luis512MC[/127.48.121.197:56055] logged in with entity id 11807 at ([world]1693.5, 128.0, -688.5)
[04:22:59] [Server thread/INFO]: Luis512MC lost connection: Disconnected
[04:22:59] [Server thread/INFO]: Luis512MC left the game
[04:23:11] [User Authenticator #8/INFO]: UUID of player Luis512MC is 5481e4e4-6be3-3172-8677-4830fb8a2f43
[04:23:12] [Server thread/INFO]: Luis512MC joined the game
[04:23:12] [Server thread/INFO]: Luis512MC[/127.48.121.197:58901] logged in with entity id 11964 at ([world]1700.7153980604958, 128.0, -689.1725445927842)
[04:24:03] [Server thread/INFO]: Luis512MC lost connection: Timed out
[04:24:03] [Server thread/INFO]: Luis512MC left the game
[04:26:36] [User Authenticator #9/INFO]: UUID of player Luis512MC is 5481e4e4-6be3-3172-8677-4830fb8a2f43
[04:26:38] [Server thread/INFO]: Luis512MC joined the game
[04:26:38] [Server thread/INFO]: Luis512MC[/127.48.121.197:36327] logged in with entity id 12330 at ([world_nether]222.3030918505906, 90.0, -76.5)
[04:28:22] [Server thread/INFO]: Luis512MC issued server command: /realregions
[04:31:44] [Async Chat Thread - #2/INFO]: [Not Secure] <Luis512MC> perdon
[04:31:52] [Async Chat Thread - #3/INFO]: [Not Secure] <Luis512MC> es que reuní todo el valor
[04:32:01] [Async Chat Thread - #3/INFO]: [Not Secure] <Luis512MC> y le dije otra vez a la aylen que la quiero
[04:32:04] [Async Chat Thread - #2/INFO]: [Not Secure] <Luis512MC> bueno
[04:32:06] [Async Chat Thread - #3/INFO]: [Not Secure] <Luis512MC> que la amo
[04:32:18] [Async Chat Thread - #3/INFO]: [Not Secure] <Luis512MC> pero no para pedirle que sea mi novia
[04:32:22] [Async Chat Thread - #3/INFO]: [Not Secure] <Luis512MC> como la otra vez
[04:32:29] [Async Chat Thread - #3/INFO]: [Not Secure] <Luis512MC> y solo me pone suato
[04:32:33] [Async Chat Thread - #3/INFO]: [Not Secure] <Luis512MC> pipipipipipi
[04:32:50] [localSession-7-3/INFO]: [Geyser-Spigot] CrashBlock73577 has disconnected from the Java server because of Bedrock client timed out
[04:32:50] [Geyser Spigot connection thread-6-4/INFO]: [floodgate] Floodgate player logged in as .CrashBlock73577 disconnected
[04:32:50] [Server thread/INFO]: .CrashBlock73577 lost connection: Disconnected
[04:32:50] [Server thread/INFO]: .CrashBlock73577 left the game
[04:48:31] [Server thread/INFO]: Luis512MC issued server command: /gamemode creative
[04:48:31] [Server thread/INFO]: [Luis512MC: Set own game mode to Creative Mode]
[04:53:19] [Server thread/INFO]: Luis512MC issued server command: /gamemode survival
[04:53:19] [Server thread/INFO]: [Luis512MC: Set own game mode to Survival Mode]
[05:05:33] [Server thread/INFO]: Luis512MC issued server command: /gamemode creative
[05:05:33] [Server thread/INFO]: [Luis512MC: Set own game mode to Creative Mode]
[05:08:41] [Server thread/INFO]: Luis512MC issued server command: /gamemode survival
[05:08:41] [Server thread/INFO]: [Luis512MC: Set own game mode to Survival Mode]
[05:12:15] [Server thread/INFO]: Luis512MC issued server command: /gamemode creative
[05:12:15] [Server thread/INFO]: [Luis512MC: Set own game mode to Creative Mode]
[05:12:22] [Async Chat Thread - #4/INFO]: [Not Secure] <Luis512MC> montura
[05:13:11] [Server thread/INFO]: Luis512MC issued server command: /gamemode survival
[05:13:11] [Server thread/INFO]: [Luis512MC: Set own game mode to Survival Mode]
[05:15:53] [Server thread/INFO]: Luis512MC issued server command: /gamemode creative
[05:15:53] [Server thread/INFO]: [Luis512MC: Set own game mode to Creative Mode]
[05:16:10] [Server thread/INFO]: Luis512MC issued server command: /gamemode survival
[05:16:10] [Server thread/INFO]: [Luis512MC: Set own game mode to Survival Mode]
[05:17:29] [epollEventLoopGroup-4-3/INFO]: [Geyser-Spigot] Player connected with username CrashBlock73577
[05:17:29] [localSession-7-4/INFO]: [Geyser-Spigot] CrashBlock73577 (logged in as: CrashBlock73577) has connected to the Java server
[05:17:29] [Server thread/INFO]: [floodgate] Floodgate player logged in as .CrashBlock73577 joined (UUID: 00000000-0000-0000-0009-01f00bc69dfd)
[05:17:29] [Server thread/INFO]: .CrashBlock73577 joined the game
[05:17:29] [Server thread/INFO]: .CrashBlock73577[/127.0.0.1:0] logged in with entity id 18191 at ([world]1706.69999, 128.0, -690.34753)
[05:18:57] [Async Chat Thread - #6/INFO]: [Not Secure] <Luis512MC> lo saque del agua al segundo
[05:19:09] [Async Chat Thread - #6/INFO]: [Not Secure] <Luis512MC> estoy en el mar
[05:19:21] [Server thread/INFO]: .CrashBlock73577 fell from a high place
[05:19:22] [Async Chat Thread - #6/INFO]: [Not Secure] <Luis512MC> falta el ultimo
[05:19:24] [Async Chat Thread - #6/INFO]: [Not Secure] <Luis512MC> XD
[05:23:31] [Async Chat Thread - #8/INFO]: [Not Secure] <Luis512MC> tengo el tercero
[05:23:39] [Async Chat Thread - #8/INFO]: [Not Secure] <Luis512MC> pero hasta el fondo del mar
[05:23:54] [Async Chat Thread - #8/INFO]: [Not Secure] <Luis512MC> diablo que dificil me la pusiste
[05:24:02] [Async Chat Thread - #8/INFO]: [Not Secure] <.CrashBlock73577> XD
[05:24:18] [Server thread/INFO]: Luis512MC drowned
[05:24:23] [Server thread/INFO]: Luis512MC issued server command: /actp 1
[05:25:57] [Server thread/INFO]: Luis512MC drowned
[05:26:07] [Server thread/INFO]: Luis512MC issued server command: /actp 1
[05:26:18] [Async Chat Thread - #10/INFO]: [Not Secure] <.CrashBlock73577> nooooo
[05:26:29] [Async Chat Thread - #10/INFO]: [Not Secure] <.CrashBlock73577> que mala suerte
[05:26:33] [Async Chat Thread - #10/INFO]: [Not Secure] <Luis512MC> ?
[05:26:46] [Async Chat Thread - #10/INFO]: [Not Secure] <.CrashBlock73577> no que se ahogo
[05:27:02] [Server thread/INFO]: Luis512MC drowned
[05:27:09] [Server thread/INFO]: Luis512MC issued server command: /actp 1
[05:27:30] [Async Chat Thread - #10/INFO]: [Not Secure] <.CrashBlock73577> tendremos papa de por vida
[05:27:30] [Async Chat Thread - #10/INFO]: [Not Secure] <Luis512MC> LO SAQUE
[05:27:33] [Async Chat Thread - #10/INFO]: [Not Secure] <Luis512MC> AL FIIIIIIIN
[05:27:39] [Async Chat Thread - #10/INFO]: [Not Secure] <.CrashBlock73577> bien memo
[05:27:53] [Async Chat Thread - #10/INFO]: [Not Secure] <Luis512MC> solo me costo 3 muertes
[05:28:02] [Async Chat Thread - #10/INFO]: [Not Secure] <.CrashBlock73577> hice much papa cocinada
[05:28:40] [localSession-7-4/INFO]: [Geyser-Spigot] CrashBlock73577 has disconnected from the Java server because of Bedrock client timed out
[05:28:40] [Geyser Spigot connection thread-6-1/INFO]: [floodgate] Floodgate player logged in as .CrashBlock73577 disconnected
[05:28:40] [Server thread/INFO]: .CrashBlock73577 lost connection: Disconnected
[05:28:40] [Server thread/INFO]: .CrashBlock73577 left the game
[05:30:15] [Server thread/INFO]: Luis512MC issued server command: /gamemode creative
[05:30:15] [Server thread/INFO]: [Luis512MC: Set own game mode to Creative Mode]
[05:31:05] [Server thread/INFO]: Luis512MC issued server command: /gamemode survival
[05:31:05] [Server thread/INFO]: [Luis512MC: Set own game mode to Survival Mode]
[05:31:24] [Server thread/INFO]: Luis512MC issued server command: /gamemode creative
[05:31:24] [Server thread/INFO]: [Luis512MC: Set own game mode to Creative Mode]
[05:32:15] [epollEventLoopGroup-4-4/INFO]: [Geyser-Spigot] Player connected with username CrashBlock73577
[05:32:15] [localSession-7-1/INFO]: [Geyser-Spigot] CrashBlock73577 (logged in as: CrashBlock73577) has connected to the Java server
[05:32:15] [Server thread/INFO]: [floodgate] Floodgate player logged in as .CrashBlock73577 joined (UUID: 00000000-0000-0000-0009-01f00bc69dfd)
[05:32:15] [Server thread/INFO]: .CrashBlock73577 joined the game
[05:32:15] [Server thread/INFO]: .CrashBlock73577[/127.0.0.1:0] logged in with entity id 24120 at ([world]1718.6309, 132.0, -642.8477)
[05:33:11] [Async Chat Thread - #12/INFO]: [Not Secure] <Luis512MC> give @p skeleton_horse_spawn_egg{EntityTag:{Health:16f,Tame:true,Attributes:[{Name:generic.max_health,Base:16},{Name:generic.movement_speed,Base:0.2},{Name:horse.jump_strength,Base:1.0}],SaddleItem:{id:"minecraft:saddle",Count:1}}}
[05:33:41] [Server thread/INFO]: Luis512MC issued server command: /give @s minecraft:skeleton_horse_spawn_egg{EntityTag:{Health:16f,Tame:true,Attributes:[{Name:generic.max_health,Base:16},{Name:generic.movement_speed,Base:0.2},{Name:horse.jump_strength,Base:1.0}],SaddleItem:{id:"minecraft:saddle",Count:1}}}
[05:34:32] [Server thread/INFO]: Luis512MC issued server command: /give Luis512MC skeleton_horse_spawn_egg{EntityTag:{Health:16f,Tame:true,Attributes:[{Name:generic.max_health,Base:16},{Name:generic.movement_speed,Base:0.2},{Name:horse.jump_strength,Base:1.0}],SaddleItem:{id:"minecraft:saddle",Count:1}}}
[05:35:03] [Server thread/INFO]: Luis512MC issued server command: /give Luis512MC minecraft:skeleton_horse_spawn_egg[EntityTag:{Health:16f,Tame:true,Attributes:[{Name:generic.max_health,Base:16},{Name:generic.movement_speed,Base:0.2},{Name:horse.jump_strength,Base:1.0}],SaddleItem:{id:"minecraft:saddle",Coun
[05:35:29] [Server thread/INFO]: Luis512MC issued server command: /give Luis512MC
[05:35:46] [Server thread/INFO]: Luis512MC issued server command: /give Luis512MC
[05:35:57] [Server thread/INFO]: Luis512MC issued server command: /give Luis512MC minecraft:command_block
[05:35:57] [Server thread/INFO]: [Luis512MC: Gave 1 [Command Block] to Luis512MC]
[05:37:17] [Async Chat Thread - #14/INFO]: [Not Secure] <.CrashBlock73577> hago una mesa de encantamiento?
[05:40:21] [Server thread/INFO]: Luis512MC issued server command: /summon minecraft:skeleton_horse ~ ~ ~ {Invulnerable:1b,Health:30f,Tame:1b,Attributes:[{Name:generic.maxHealth,Base:30},{Name:generic.movementSpeed,Base:0.3375},{Name:horse.jumpStrength,Base:1}],SaddleItem:{id:"minecraft:saddle",Count:1b}}
[05:40:21] [Server thread/INFO]: [Luis512MC: Summoned new Skeleton Horse]
[05:40:43] [Async Chat Thread - #16/INFO]: [Not Secure] <Luis512MC> esta muy bug esto del transporte xd
[05:40:46] [Server thread/INFO]: Luis512MC issued server command: /gamemode survival
[05:40:46] [Server thread/INFO]: [Luis512MC: Set own game mode to Survival Mode]
[05:42:01] [Async Chat Thread - #18/INFO]: [Not Secure] <Luis512MC> i need comida
[05:42:31] [Server thread/INFO]: Luis512MC hit the ground too hard
[05:42:34] [Server thread/INFO]: Luis512MC issued server command: /actp 1
[05:43:18] [Server thread/INFO]: .CrashBlock73577 hit the ground too hard
[05:43:44] [Server thread/INFO]: [AngelChest] Luis512MC opened the AngelChest of .CrashBlock73577 at Location{world=CraftWorld{name=world},x=1707.0,y=132.0,z=-655.0,pitch=0.0,yaw=0.0}
[05:47:38] [Async Chat Thread - #20/INFO]: [Not Secure] <.CrashBlock73577> me voy bro
[05:47:47] [Async Chat Thread - #20/INFO]: [Not Secure] <.CrashBlock73577> adios y cuidate
[05:48:00] [Async Chat Thread - #20/INFO]: [Not Secure] <Luis512MC> void
[05:48:03] [Async Chat Thread - #20/INFO]: [Not Secure] <.CrashBlock73577> que descanses
[05:48:09] [Async Chat Thread - #20/INFO]: [Not Secure] <Luis512MC> igual
[05:48:12] [Async Chat Thread - #20/INFO]: [Not Secure] <.CrashBlock73577> bye bye
[05:48:16] [localSession-7-1/INFO]: [Geyser-Spigot] CrashBlock73577 has disconnected from the Java server because of Bedrock client disconnected
[05:48:16] [Geyser Spigot connection thread-6-2/INFO]: [floodgate] Floodgate player logged in as .CrashBlock73577 disconnected
[05:48:16] [Server thread/INFO]: .CrashBlock73577 lost connection: Disconnected
[05:48:16] [Server thread/INFO]: .CrashBlock73577 left the game
[05:53:09] [Server thread/INFO]: Luis512MC was slain by Zombified Piglin
[05:53:12] [Server thread/INFO]: Luis512MC issued server command: /actp 1
[05:54:13] [Server thread/INFO]: Luis512MC lost connection: Disconnected
[05:54:13] [Server thread/INFO]: Luis512MC left the game
[05:54:23] [Server thread/INFO]: Stopping the server
[05:54:23] [Server thread/INFO]: Stopping server
[05:54:23] [Server thread/INFO]: [SkinsRestorer] Disabling SkinsRestorer v15.4.4
[05:54:23] [Server thread/INFO]: [Geyser-Spigot] Disabling Geyser-Spigot v2.5.1-SNAPSHOT
[05:54:23] [Server thread/INFO]: [Geyser-Spigot] Shutting down Geyser.
[05:54:23] [Server thread/INFO]: [Geyser-Spigot] Geyser shutdown successfully.
[05:54:23] [Server thread/INFO]: [RealRegions] Disabling RealRegions v0.7.4
[05:54:23] [Server thread/INFO]: [AngelChest] Disabling AngelChest v13.9.0
[05:54:23] [Server thread/INFO]: [ViaVersion] Disabling ViaVersion v5.1.1
[05:54:23] [Server thread/INFO]: [ViaVersion] ViaVersion has been disabled; uninjected the platform and shut down the scheduler.
[05:54:23] [Server thread/INFO]: [floodgate] Disabling floodgate v2.2.3-SNAPSHOT (b114-83fbd6e)
[05:54:23] [Server thread/INFO]: [WorldEdit] Disabling WorldEdit v7.3.9-beta-01+e8aa544
[05:54:23] [Server thread/INFO]: Unregistering com.sk89q.worldedit.bukkit.BukkitServerInterface from WorldEdit
[05:54:23] [Server thread/INFO]: Saving players
[05:54:23] [WebSocketConnectReadThread-102/INFO]: [Geyser-Spigot] The skin uploader has been closed
[05:54:23] [Server thread/INFO]: Saving worlds
[05:54:23] [Server thread/INFO]: Saving chunks for level 'ServerLevel[world]'/minecraft:overworld
[05:54:23] [Server thread/INFO]: [ca.spottedleaf.moonrise.patches.chunk_system.scheduling.ChunkHolderManager] Waiting 60s for chunk system to halt for world 'world'
[05:54:23] [Server thread/INFO]: [ca.spottedleaf.moonrise.patches.chunk_system.scheduling.ChunkHolderManager] Halted chunk system for world 'world'
[05:54:23] [Server thread/INFO]: [ca.spottedleaf.moonrise.patches.chunk_system.scheduling.ChunkHolderManager] Saving all chunkholders for world 'world'
[05:54:23] [Server thread/INFO]: [ca.spottedleaf.moonrise.patches.chunk_system.scheduling.ChunkHolderManager] Saved 0 block chunks, 6 entity chunks, 0 poi chunks in world 'world' in 0.01s
[05:54:23] [Server thread/INFO]: [ca.spottedleaf.moonrise.patches.chunk_system.scheduling.ChunkHolderManager] Waiting 60s for chunk I/O to halt for world 'world'
[05:54:23] [Server thread/INFO]: [ca.spottedleaf.moonrise.patches.chunk_system.scheduling.ChunkHolderManager] Halted I/O scheduler for world 'world'
[05:54:23] [Server thread/INFO]: Saving chunks for level 'ServerLevel[world_nether]'/minecraft:the_nether
[05:54:23] [Server thread/INFO]: [ca.spottedleaf.moonrise.patches.chunk_system.scheduling.ChunkHolderManager] Waiting 60s for chunk system to halt for world 'world_nether'
[05:54:23] [Server thread/INFO]: [ca.spottedleaf.moonrise.patches.chunk_system.scheduling.ChunkHolderManager] Halted chunk system for world 'world_nether'
[05:54:23] [Server thread/INFO]: [ca.spottedleaf.moonrise.patches.chunk_system.scheduling.ChunkHolderManager] Saving all chunkholders for world 'world_nether'
[05:54:23] [Server thread/INFO]: [ca.spottedleaf.moonrise.patches.chunk_system.scheduling.ChunkHolderManager] Saved 6 block chunks, 47 entity chunks, 0 poi chunks in world 'world_nether' in 0.02s
[05:54:23] [Server thread/INFO]: [ca.spottedleaf.moonrise.patches.chunk_system.scheduling.ChunkHolderManager] Waiting 60s for chunk I/O to halt for world 'world_nether'
[05:54:23] [Server thread/INFO]: [ca.spottedleaf.moonrise.patches.chunk_system.scheduling.ChunkHolderManager] Halted I/O scheduler for world 'world_nether'
[05:54:23] [Server thread/INFO]: Saving chunks for level 'ServerLevel[world_the_end]'/minecraft:the_end
[05:54:23] [Server thread/INFO]: [ca.spottedleaf.moonrise.patches.chunk_system.scheduling.ChunkHolderManager] Waiting 60s for chunk system to halt for world 'world_the_end'
[05:54:23] [Server thread/INFO]: [ca.spottedleaf.moonrise.patches.chunk_system.scheduling.ChunkHolderManager] Halted chunk system for world 'world_the_end'
[05:54:23] [Server thread/INFO]: [ca.spottedleaf.moonrise.patches.chunk_system.scheduling.ChunkHolderManager] Saving all chunkholders for world 'world_the_end'
[05:54:23] [Server thread/INFO]: [ca.spottedleaf.moonrise.patches.chunk_system.scheduling.ChunkHolderManager] Saved 0 block chunks, 0 entity chunks, 0 poi chunks in world 'world_the_end' in 0.00s
[05:54:23] [Server thread/INFO]: [ca.spottedleaf.moonrise.patches.chunk_system.scheduling.ChunkHolderManager] Waiting 60s for chunk I/O to halt for world 'world_the_end'
[05:54:23] [Server thread/INFO]: [ca.spottedleaf.moonrise.patches.chunk_system.scheduling.ChunkHolderManager] Halted I/O scheduler for world 'world_the_end'
[05:54:23] [Server thread/INFO]: ThreadedAnvilChunkStorage (world): All chunks are saved
[05:54:23] [Server thread/INFO]: ThreadedAnvilChunkStorage (DIM-1): All chunks are saved
[05:54:23] [Server thread/INFO]: ThreadedAnvilChunkStorage (DIM1): All chunks are saved
[05:54:23] [Server thread/INFO]: ThreadedAnvilChunkStorage: All dimensions are saved
[05:54:23] [Server thread/INFO]: Waiting for I/O tasks to complete...
[05:54:23] [Server thread/INFO]: All I/O tasks to complete
[05:54:23] [Server thread/INFO]: [ca.spottedleaf.moonrise.common.util.MoonriseCommon] Awaiting termination of worker pool for up to 60s...
[05:54:23] [Server thread/INFO]: [ca.spottedleaf.moonrise.common.util.MoonriseCommon] Awaiting termination of I/O pool for up to 60s...
